<?xml version="1.0" encoding="UTF-8"?>
<!-- Generated by org.testng.reporters.JUnitReportReporter -->
<testsuite hostname="DESKTOP-4CC1LMB" failures="0" tests="1" name="goRest.User" time="13.553" errors="0" timestamp="2023-07-06T13:47:55 BST" skipped="0">
  <testcase classname="goRest.User" name="newUser" time="13.553"/>
</testsuite> <!-- goRest.User -->
