<?xml version="1.0" encoding="UTF-8"?>
<!-- Generated by org.testng.reporters.JUnitReportReporter -->
<testsuite hostname="DESKTOP-3JG0K1M" failures="0" tests="1" name="authentication.BasicAuthEx" time="3.516" errors="0" timestamp="2023-07-17T02:38:08 BST" skipped="0">
  <testcase classname="authentication.BasicAuthEx" name="basic" time="3.516"/>
  <system-out/>
</testsuite> <!-- authentication.BasicAuthEx -->
