<?xml version="1.0" encoding="UTF-8"?>
<!-- Generated by org.testng.reporters.JUnitReportReporter -->
<testsuite hostname="DESKTOP-4CC1LMB" failures="0" tests="1" name="reqres.Parameteters_Ex" time="7.219" errors="0" timestamp="2023-07-07T11:43:35 BST" skipped="0">
  <testcase classname="reqres.Parameteters_Ex" name="getUsersSpecifyAllPathParameterAsSingle" time="7.219"/>
</testsuite> <!-- reqres.Parameteters_Ex -->
