<?xml version="1.0" encoding="UTF-8"?>
<!-- Generated by org.testng.reporters.JUnitReportReporter -->
<testsuite hostname="DESKTOP-3JG0K1M" failures="0" tests="1" name="resBody.Serialize_Deserialise" time="2.921" errors="0" timestamp="2023-07-18T14:06:51 BST" skipped="0">
  <testcase classname="resBody.Serialize_Deserialise" name="getUser" time="2.921"/>
  <system-out/>
</testsuite> <!-- resBody.Serialize_Deserialise -->
