<?xml version="1.0" encoding="UTF-8"?>
<!-- Generated by org.testng.reporters.JUnitReportReporter -->
<testsuite hostname="DESKTOP-3JG0K1M" failures="0" tests="1" name="resBody.User_Create_faker" time="3.358" errors="0" timestamp="2023-07-18T17:34:12 BST" skipped="0">
  <testcase classname="resBody.User_Create_faker" name="createUser" time="3.358"/>
  <system-out/>
</testsuite> <!-- resBody.User_Create_faker -->
