<?xml version="1.0" encoding="UTF-8"?>
<!-- Generated by org.testng.reporters.JUnitReportReporter -->
<testsuite hostname="DESKTOP-4CC1LMB" failures="0" tests="1" name="resBody.ResponseBodyEx1" time="0.055" errors="0" timestamp="2023-07-10T14:44:29 BST" skipped="0">
  <testcase classname="resBody.ResponseBodyEx1" name="validateBody" time="0.055"/>
</testsuite> <!-- resBody.ResponseBodyEx1 -->
