<?xml version="1.0" encoding="UTF-8"?>
<!-- Generated by org.testng.reporters.JUnitReportReporter -->
<testsuite hostname="DESKTOP-4CC1LMB" failures="0" tests="1" name="emp.EmployeeAPI3" time="9.022" errors="0" timestamp="2023-07-06T16:43:13 BST" skipped="0">
  <testcase classname="emp.EmployeeAPI3" name="newEmp" time="9.022"/>
</testsuite> <!-- emp.EmployeeAPI3 -->
