<?xml version="1.0" encoding="UTF-8"?>
<!-- Generated by org.testng.reporters.JUnitReportReporter -->
<testsuite hostname="DESKTOP-3JG0K1M" failures="0" tests="4" name="chaining.GoRest2" time="5.865" errors="0" timestamp="2023-07-18T21:57:51 BST" skipped="0">
  <testcase classname="chaining.GoRest2" name="createUser" time="3.195"/>
  <system-out/>
  <testcase classname="chaining.GoRest2" name="getUser" time="0.881"/>
  <system-out/>
  <testcase classname="chaining.GoRest2" name="updateUser" time="0.924"/>
  <system-out/>
  <testcase classname="chaining.GoRest2" name="deleteUser" time="0.865"/>
  <system-out/>
</testsuite> <!-- chaining.GoRest2 -->
