<?xml version="1.0" encoding="UTF-8"?>
<!-- Generated by org.testng.reporters.JUnitReportReporter -->
<testsuite hostname="DESKTOP-4CC1LMB" failures="0" tests="1" name="reqres.ResponseValidations" time="13.202" errors="0" timestamp="2023-07-10T11:45:27 BST" skipped="0">
  <testcase classname="reqres.ResponseValidations" name="getHeader" time="13.202"/>
</testsuite> <!-- reqres.ResponseValidations -->
