<?xml version="1.0" encoding="UTF-8"?>
<!-- Generated by org.testng.reporters.JUnitReportReporter -->
<testsuite hostname="DESKTOP-3JG0K1M" failures="0" tests="1" name="resBody.JsonSchemaValidation" time="2.586" errors="0" timestamp="2023-07-18T11:05:52 BST" skipped="0">
  <testcase classname="resBody.JsonSchemaValidation" name="getUser" time="2.586"/>
  <system-out/>
</testsuite> <!-- resBody.JsonSchemaValidation -->
