<?xml version="1.0" encoding="UTF-8"?>
<!-- Generated by org.testng.reporters.JUnitReportReporter -->
<testsuite hostname="DESKTOP-3JG0K1M" failures="0" tests="1" name="resBody.ResponsBodyEx2" time="0.013" errors="0" timestamp="2023-07-13T12:42:45 BST" skipped="0">
  <testcase classname="resBody.ResponsBodyEx2" name="getData" time="0.013"/>
  <system-out/>
</testsuite> <!-- resBody.ResponsBodyEx2 -->
