<?xml version="1.0" encoding="UTF-8"?>
<!-- Generated by org.testng.reporters.JUnitReportReporter -->
<testsuite hostname="DESKTOP-4CC1LMB" failures="0" tests="1" name="emp.EmployeeAPI4" time="10.634" errors="0" timestamp="2023-07-06T17:19:09 BST" skipped="0">
  <testcase classname="emp.EmployeeAPI4" name="newEmp" time="10.634"/>
</testsuite> <!-- emp.EmployeeAPI4 -->
