<?xml version="1.0" encoding="UTF-8"?>
<!-- Generated by org.testng.reporters.JUnitReportReporter -->
<testsuite hostname="DESKTOP-3JG0K1M" failures="0" tests="4" name="chaining.GoRest" time="6.732" errors="0" timestamp="2023-07-28T14:23:33 BST" skipped="0">
  <testcase classname="chaining.GoRest" name="createUser" time="4.363"/>
  <system-out/>
  <testcase classname="chaining.GoRest" name="getUser" time="0.967"/>
  <system-out/>
  <testcase classname="chaining.GoRest" name="updateUser" time="0.569"/>
  <system-out/>
  <testcase classname="chaining.GoRest" name="deleteUser" time="0.833"/>
  <system-out/>
</testsuite> <!-- chaining.GoRest -->
