<?xml version="1.0" encoding="UTF-8"?>
<!-- Generated by org.testng.reporters.JUnitReportReporter -->
<testsuite hostname="DESKTOP-3JG0K1M" failures="0" tests="1" name="resBody.ResponseBodyEx3" time="0.021" errors="0" timestamp="2023-07-13T22:16:48 BST" skipped="0">
  <testcase classname="resBody.ResponseBodyEx3" name="getData" time="0.021"/>
  <system-out/>
</testsuite> <!-- resBody.ResponseBodyEx3 -->
