<?xml version="1.0" encoding="UTF-8"?>
<!-- Generated by org.testng.reporters.JUnitReportReporter -->
<testsuite hostname="DESKTOP-3JG0K1M" failures="0" tests="4" name="chaining.GoRest4" time="6.123" errors="0" timestamp="2023-07-31T17:26:52 BST" skipped="0">
  <testcase classname="chaining.GoRest4" name="createUser" time="3.918"/>
  <system-out/>
  <testcase classname="chaining.GoRest4" name="getUser" time="0.550"/>
  <system-out/>
  <testcase classname="chaining.GoRest4" name="updateUser" time="0.842"/>
  <system-out/>
  <testcase classname="chaining.GoRest4" name="deleteUser" time="0.813"/>
  <system-out/>
</testsuite> <!-- chaining.GoRest4 -->
