<?xml version="1.0" encoding="UTF-8"?>
<!-- Generated by org.testng.reporters.JUnitReportReporter -->
<testsuite hostname="DESKTOP-4CC1LMB" failures="0" tests="2" name="emp.EmployeeAPI2" time="13.745" errors="0" timestamp="2023-07-06T14:43:23 BST" skipped="0">
  <testcase classname="emp.EmployeeAPI2" name="newEmp" time="12.936"/>
  <testcase classname="emp.EmployeeAPI2" name="deleteEmp" time="0.809"/>
</testsuite> <!-- emp.EmployeeAPI2 -->
