<?xml version="1.0" encoding="UTF-8"?>
<!-- Generated by org.testng.reporters.JUnitReportReporter -->
<testsuite hostname="DESKTOP-3JG0K1M" failures="0" tests="1" name="resBody.xmlschemavalidator" time="2.336" errors="0" timestamp="2023-07-18T10:48:46 BST" skipped="0">
  <testcase classname="resBody.xmlschemavalidator" name="getTravellers" time="2.336"/>
  <system-out/>
</testsuite> <!-- resBody.xmlschemavalidator -->
