<?xml version="1.0" encoding="UTF-8"?>
<!-- Generated by org.testng.reporters.JUnitReportReporter -->
<testsuite hostname="DESKTOP-3JG0K1M" failures="0" tests="1" name="authentication.WeatherAPI" time="3.573" errors="0" timestamp="2023-07-17T15:39:55 BST" skipped="0">
  <testcase classname="authentication.WeatherAPI" name="getWeatherReport" time="3.573"/>
  <system-out/>
</testsuite> <!-- authentication.WeatherAPI -->
