<?xml version="1.0" encoding="UTF-8"?>
<!-- Generated by org.testng.reporters.JUnitReportReporter -->
<testsuite hostname="DESKTOP-4CC1LMB" failures="0" tests="1" name="emp.EmployeeAPI" time="5.825" errors="0" timestamp="2023-07-06T14:11:04 BST" skipped="0">
  <testcase classname="emp.EmployeeAPI" name="deleteEmp" time="5.825"/>
</testsuite> <!-- emp.EmployeeAPI -->
