<?xml version="1.0" encoding="UTF-8"?>
<!-- Generated by org.testng.reporters.JUnitReportReporter -->
<testsuite hostname="DESKTOP-3JG0K1M" failures="0" tests="1" name="xmlresp.AdequateShop" time="2.706" errors="0" timestamp="2023-07-17T17:28:53 BST" skipped="0">
  <testcase classname="xmlresp.AdequateShop" name="getTravelAndValidate2" time="2.706"/>
  <system-out/>
</testsuite> <!-- xmlresp.AdequateShop -->
