<?xml version="1.0" encoding="UTF-8"?>
<!-- Generated by org.testng.reporters.JUnitReportReporter -->
<testsuite hostname="DESKTOP-3JG0K1M" failures="0" tests="4" name="chaining.GoRest3" time="5.960" errors="0" timestamp="2023-07-31T13:58:41 BST" skipped="0">
  <testcase classname="chaining.GoRest3" name="createUser" time="3.658"/>
  <system-out/>
  <testcase classname="chaining.GoRest3" name="getUser" time="0.908"/>
  <system-out/>
  <testcase classname="chaining.GoRest3" name="updateUser" time="0.555"/>
  <system-out/>
  <testcase classname="chaining.GoRest3" name="deleteUser" time="0.839"/>
  <system-out/>
</testsuite> <!-- chaining.GoRest3 -->
