<?xml version="1.0" encoding="UTF-8"?>
<!-- Generated by org.testng.reporters.JUnitReportReporter -->
<testsuite hostname="DESKTOP-4CC1LMB" failures="0" tests="2" name="emp.EmployeeAPI5" time="8.481" errors="0" timestamp="2023-07-06T17:30:35 BST" skipped="0">
  <testcase classname="emp.EmployeeAPI5" name="newEmp" time="8.218"/>
  <testcase classname="emp.EmployeeAPI5" name="deleteEmp" time="0.263"/>
</testsuite> <!-- emp.EmployeeAPI5 -->
