<?xml version="1.0" encoding="UTF-8"?>
<!-- Generated by org.testng.reporters.JUnitReportReporter -->
<testsuite hostname="DESKTOP-3JG0K1M" failures="0" tests="1" name="reqres.Parameteters_Ex" time="1.827" errors="0" timestamp="2023-07-12T09:43:45 BST" skipped="0">
  <testcase classname="reqres.Parameteters_Ex" name="getUsersSpecifyAllPathParameterAsSingle" time="1.827"/>
  <system-out/>
</testsuite> <!-- reqres.Parameteters_Ex -->
